<?xml version="1.0" encoding="UTF-8"?>
<!-- Generated by org.testng.reporters.JUnitXMLReporter -->
<testsuite hostname="Lucy" ignored="0" name="Command line test" tests="26" failures="0" timestamp="08 Lis 2017 19:35:50 GMT" time="9.034" errors="0">
  <testcase name="doesntFindNonExistentCustomer" time="0.296" classname="cz.muni.fi.pa165.TestCustomerDao"/>
  <testcase name="findsAllCustomersWithCertainPhoneNumber" time="0.315" classname="cz.muni.fi.pa165.TestCustomerDao"/>
  <testcase name="findsAllCustomersWithCertainSurname" time="0.023" classname="cz.muni.fi.pa165.TestCustomerDao"/>
  <testcase name="findsCustomerById" time="0.004" classname="cz.muni.fi.pa165.TestCustomerDao"/>
  <testcase name="gettingAllCustomersWithSurnameWhichIsNotStoredReturnsNull" time="0.015" classname="cz.muni.fi.pa165.TestCustomerDao"/>
  <testcase name="storesAndDeletesSingleCustomer" time="0.081" classname="cz.muni.fi.pa165.TestCustomerDao"/>
  <testcase name="storesAndReceivesSingleCustomer" time="0.005" classname="cz.muni.fi.pa165.TestCustomerDao"/>
  <testcase name="findAllFemaleDogs" time="0.031" classname="cz.muni.fi.pa165.TestDogDao"/>
  <testcase name="findAllMaleDogs" time="0.011" classname="cz.muni.fi.pa165.TestDogDao"/>
  <testcase name="findDogById" time="0.003" classname="cz.muni.fi.pa165.TestDogDao"/>
  <testcase name="findNonexistentDog" time="0.026" classname="cz.muni.fi.pa165.TestDogDao"/>
  <testcase name="storeAndDeleteADog" time="0.032" classname="cz.muni.fi.pa165.TestDogDao"/>
  <testcase name="storeAndReceiveADog" time="0.008" classname="cz.muni.fi.pa165.TestDogDao"/>
  <testcase name="doesntFindNoEmployeeBelowMinimumSalary" time="0.074" classname="cz.muni.fi.pa165.TestEmployeeDao"/>
  <testcase name="doesntFindNonExistentEmployee" time="0.012" classname="cz.muni.fi.pa165.TestEmployeeDao"/>
  <testcase name="findAllBelowCertainSalary" time="0.01" classname="cz.muni.fi.pa165.TestEmployeeDao"/>
  <testcase name="findsEmployeeById" time="0.003" classname="cz.muni.fi.pa165.TestEmployeeDao"/>
  <testcase name="storesAndDeletesSingleEmployee" time="0.021" classname="cz.muni.fi.pa165.TestEmployeeDao"/>
  <testcase name="storesAndReceivesSingleEmployee" time="0.006" classname="cz.muni.fi.pa165.TestEmployeeDao"/>
  <testcase name="doesntFindNonExistentService" time="0.039" classname="cz.muni.fi.pa165.TestServiceDao"/>
  <testcase name="findsAllServicesMatchingDescription" time="0.022" classname="cz.muni.fi.pa165.TestServiceDao"/>
  <testcase name="findsAllServicesProvidedBetweenTwoDates" time="0.035" classname="cz.muni.fi.pa165.TestServiceDao"/>
  <testcase name="findsNoServicesMatchingDescription" time="0.012" classname="cz.muni.fi.pa165.TestServiceDao"/>
  <testcase name="findsServiceById" time="0.004" classname="cz.muni.fi.pa165.TestServiceDao"/>
  <testcase name="storesAndDeletesSingleService" time="0.024" classname="cz.muni.fi.pa165.TestServiceDao"/>
  <testcase name="storesAndReceivesSingleService" time="0.005" classname="cz.muni.fi.pa165.TestServiceDao"/>
</testsuite> <!-- Command line test -->
