<?xml version="1.0" encoding="UTF-8" ?>
<testsuite tests="26" failures="0" name="TestSuite" time="0.943" errors="0" skipped="0">
  <properties>
[...]
</properties>
  <testcase classname="cz.muni.fi.pa165.TestCustomerDao" name="doesntFindNonExistentCustomer" time="0.297"/>
  <testcase classname="cz.muni.fi.pa165.TestCustomerDao" name="findsAllCustomersWithCertainPhoneNumber" time="0.291"/>
  <testcase classname="cz.muni.fi.pa165.TestCustomerDao" name="findsAllCustomersWithCertainSurname" time="0.056"/>
  <testcase classname="cz.muni.fi.pa165.TestCustomerDao" name="findsCustomerById" time="0.005"/>
  <testcase classname="cz.muni.fi.pa165.TestCustomerDao" name="gettingAllCustomersWithSurnameWhichIsNotStoredReturnsNull" time="0.005"/>
  <testcase classname="cz.muni.fi.pa165.TestCustomerDao" name="storesAndDeletesSingleCustomer" time="0.05"/>
  <testcase classname="cz.muni.fi.pa165.TestCustomerDao" name="storesAndReceivesSingleCustomer" time="0.015"/>
  <testcase classname="cz.muni.fi.pa165.TestDogDao" name="findAllFemaleDogs" time="0.025"/>
  <testcase classname="cz.muni.fi.pa165.TestDogDao" name="findAllMaleDogs" time="0.034"/>
  <testcase classname="cz.muni.fi.pa165.TestDogDao" name="findDogById" time="0.004"/>
  <testcase classname="cz.muni.fi.pa165.TestDogDao" name="findNonexistentDog" time="0.003"/>
  <testcase classname="cz.muni.fi.pa165.TestDogDao" name="storeAndDeleteADog" time="0.009"/>
  <testcase classname="cz.muni.fi.pa165.TestDogDao" name="storeAndReceiveADog" time="0.006"/>
  <testcase classname="cz.muni.fi.pa165.TestEmployeeDao" name="doesntFindNoEmployeeBelowMinimumSalary" time="0.014"/>
  <testcase classname="cz.muni.fi.pa165.TestEmployeeDao" name="doesntFindNonExistentEmployee" time="0.002"/>
  <testcase classname="cz.muni.fi.pa165.TestEmployeeDao" name="findAllBelowCertainSalary" time="0.026"/>
  <testcase classname="cz.muni.fi.pa165.TestEmployeeDao" name="findsEmployeeById" time="0.002"/>
  <testcase classname="cz.muni.fi.pa165.TestEmployeeDao" name="storesAndDeletesSingleEmployee" time="0.011"/>
  <testcase classname="cz.muni.fi.pa165.TestEmployeeDao" name="storesAndReceivesSingleEmployee" time="0.003"/>
  <testcase classname="cz.muni.fi.pa165.TestServiceDao" name="doesntFindNonExistentService" time="0.017"/>
  <testcase classname="cz.muni.fi.pa165.TestServiceDao" name="findsAllServicesMatchingDescription" time="0.007"/>
  <testcase classname="cz.muni.fi.pa165.TestServiceDao" name="findsAllServicesProvidedBetweenTwoDates" time="0.036"/>
  <testcase classname="cz.muni.fi.pa165.TestServiceDao" name="findsNoServicesMatchingDescription" time="0.005"/>
  <testcase classname="cz.muni.fi.pa165.TestServiceDao" name="findsServiceById" time="0.001"/>
  <testcase classname="cz.muni.fi.pa165.TestServiceDao" name="storesAndDeletesSingleService" time="0.014"/>
  <testcase classname="cz.muni.fi.pa165.TestServiceDao" name="storesAndReceivesSingleService" time="0.005"/>
</testsuite>